<?xml version="1.0" encoding="UTF-8"?>
<testsuite xmlns:xsi="http://www.w3.org/2001/XMLSchema-instance" xsi:noNamespaceSchemaLocation="https://maven.apache.org/surefire/maven-surefire-plugin/xsd/surefire-test-report-3.0.xsd" version="3.0" name="com.example.movieticketbooking.MovieTicketBookingApplicationTests" time="8.557" tests="1" errors="0" skipped="0" failures="0">
  <properties>
[...]
</properties>
  <testcase name="contextLoads" classname="com.example.movieticketbooking.MovieTicketBookingApplicationTests" time="0.012">
    <system-out><![CDATA[18:15:53.323 [main] INFO org.springframework.test.context.support.AnnotationConfigContextLoaderUtils -- Could not detect default configuration classes for test class [com.example.movieticketbooking.MovieTicketBookingApplicationTests]: MovieTicketBookingApplicationTests does not declare any static, non-private, non-final, nested classes annotated with @Configuration.
18:15:53.472 [main] INFO org.springframework.boot.test.context.SpringBootTestContextBootstrapper -- Found @SpringBootConfiguration com.example.movieticketbooking.MovieTicketBookingApplication for test class com.example.movieticketbooking.MovieTicketBookingApplicationTests

  .   ____          _            __ _ _
 /\\ / ___'_ __ _ _(_)_ __  __ _ \ \ \ \
( ( )\___ | '_ | '_| | '_ \/ _` | \ \ \ \
 \\/  ___)| |_)| | | | | || (_| |  ) ) ) )
  '  |____| .__|_| |_|_| |_\__, | / / / /
 =========|_|==============|___/=/_/_/_/
 :: Spring Boot ::                (v3.2.3)

2026-09-15T18:15:54.020Z  INFO 3800 --- [           main] c.e.m.MovieTicketBookingApplicationTests : Starting MovieTicketBookingApplicationTests using Java 17.0.20.1 with PID 3800 (started by root in /app/applet/movie-ticket-booking-system/backend)
2026-09-15T18:15:54.022Z  INFO 3800 --- [           main] c.e.m.MovieTicketBookingApplicationTests : The following 1 profile is active: "h2"
2026-09-15T18:15:55.476Z  INFO 3800 --- [           main] .s.d.r.c.RepositoryConfigurationDelegate : Bootstrapping Spring Data JPA repositories in DEFAULT mode.
2026-09-15T18:15:55.620Z  INFO 3800 --- [           main] .s.d.r.c.RepositoryConfigurationDelegate : Finished Spring Data repository scanning in 135 ms. Found 9 JPA repository interfaces.
2026-09-15T18:15:56.380Z  INFO 3800 --- [           main] o.hibernate.jpa.internal.util.LogHelper  : HHH000204: Processing PersistenceUnitInfo [name: default]
2026-09-15T18:15:56.437Z  INFO 3800 --- [           main] org.hibernate.Version                    : HHH000412: Hibernate ORM core version 6.4.4.Final
2026-09-15T18:15:56.475Z  INFO 3800 --- [           main] o.h.c.internal.RegionFactoryInitiator    : HHH000026: Second-level cache disabled
2026-09-15T18:15:56.588Z  INFO 3800 --- [           main] o.s.o.j.p.SpringPersistenceUnitInfo      : No LoadTimeWeaver setup: ignoring JPA class transformer
2026-09-15T18:15:56.617Z  INFO 3800 --- [           main] com.zaxxer.hikari.HikariDataSource       : HikariPool-1 - Starting...
2026-09-15T18:15:56.825Z  INFO 3800 --- [           main] com.zaxxer.hikari.pool.HikariPool        : HikariPool-1 - Added connection conn0: url=jdbc:h2:mem:movie_booking user=SA
2026-09-15T18:15:56.828Z  INFO 3800 --- [           main] com.zaxxer.hikari.HikariDataSource       : HikariPool-1 - Start completed.
2026-09-15T18:15:56.858Z  WARN 3800 --- [           main] org.hibernate.orm.deprecation            : HHH90000025: H2Dialect does not need to be specified explicitly using 'hibernate.dialect' (remove the property setting and it will be selected by default)
2026-09-15T18:15:58.202Z  INFO 3800 --- [           main] o.h.e.t.j.p.i.JtaPlatformInitiator       : HHH000489: No JTA platform available (set 'hibernate.transaction.jta.platform' to enable JTA platform integration)
2026-09-15T18:15:58.305Z  INFO 3800 --- [           main] j.LocalContainerEntityManagerFactoryBean : Initialized JPA EntityManagerFactory for persistence unit 'default'
2026-09-15T18:15:59.045Z  INFO 3800 --- [           main] o.s.d.j.r.query.QueryEnhancerFactory     : Hibernate is in classpath; If applicable, HQL parser will be used.
2026-09-15T18:16:00.168Z  WARN 3800 --- [           main] JpaBaseConfiguration$JpaWebConfiguration : spring.jpa.open-in-view is enabled by default. Therefore, database queries may be performed during view rendering. Explicitly configure spring.jpa.open-in-view to disable this warning
2026-09-15T18:16:00.581Z  INFO 3800 --- [           main] o.s.s.web.DefaultSecurityFilterChain     : Will secure any request with [org.springframework.security.web.session.DisableEncodeUrlFilter@21820cd1, org.springframework.security.web.context.request.async.WebAsyncManagerIntegrationFilter@21b298de, org.springframework.security.web.context.SecurityContextHolderFilter@57e6fd09, org.springframework.security.web.header.HeaderWriterFilter@bd074d7, org.springframework.web.filter.CorsFilter@620bfd8c, org.springframework.security.web.authentication.logout.LogoutFilter@65289e33, com.example.movieticketbooking.security.JwtAuthenticationFilter@74a15f4, org.springframework.security.web.savedrequest.RequestCacheAwareFilter@44c6e366, org.springframework.security.web.servletapi.SecurityContextHolderAwareRequestFilter@637edfe0, org.springframework.security.web.authentication.AnonymousAuthenticationFilter@23ddf8e5, org.springframework.security.web.session.SessionManagementFilter@8ff4d2b, org.springframework.security.web.access.ExceptionTranslationFilter@77bff3d7, org.springframework.security.web.access.intercept.AuthorizationFilter@2674c88f]
2026-09-15T18:16:00.898Z  INFO 3800 --- [           main] o.s.b.a.h2.H2ConsoleAutoConfiguration    : H2 console available at '/h2-console'. Database available at 'jdbc:h2:mem:movie_booking'
2026-09-15T18:16:00.987Z  INFO 3800 --- [           main] c.e.m.MovieTicketBookingApplicationTests : Started MovieTicketBookingApplicationTests in 7.332 seconds (process running for 10.836)
2026-09-15T18:16:01.101Z  INFO 3800 --- [           main] c.e.m.config.DataInitializer             : Seeding initial demo data for Movie Ticket Booking System...
2026-09-15T18:16:01.696Z  INFO 3800 --- [           main] c.e.m.config.DataInitializer             : Successfully seeded database with 4 movies, 2 theatres, and 5 initial shows.
]]></system-out>
  </testcase>
</testsuite>